<?xml version="1.0" encoding="UTF-8"?>
<testng-results ignored="0" total="1" passed="1" failed="0" skipped="0">
  <reporter-output>
  </reporter-output>
  <suite started-at="2022-07-24T23:27:52 IST" name="Default suite" finished-at="2022-07-24T23:28:18 IST" duration-ms="26354">
    <groups>
    </groups>
    <test started-at="2022-07-24T23:27:52 IST" name="Default test" finished-at="2022-07-24T23:28:18 IST" duration-ms="26354">
      <class name="Selenium.HowToScrollInSeleniumAndHandleMultipleWindows">
        <test-method signature="scrollToEnd()[pri:0, instance:Selenium.HowToScrollInSeleniumAndHandleMultipleWindows@3911c2a7]" started-at="2022-07-24T23:27:52 IST" name="scrollToEnd" finished-at="2022-07-24T23:28:18 IST" duration-ms="26299" status="PASS">
          <reporter-output>
          </reporter-output>
        </test-method> <!-- scrollToEnd -->
      </class> <!-- Selenium.HowToScrollInSeleniumAndHandleMultipleWindows -->
    </test> <!-- Default test -->
  </suite> <!-- Default suite -->
</testng-results>
